\BOOKMARK [1][-]{section.1}{\376\377\000I\000n\000t\000r\000o\000d\000u\000c\000t\000i\000o\000n}{}% 1
\BOOKMARK [1][-]{section.2}{\376\377\000H\000a\000r\000d\000w\000a\000r\000e\000\040\000R\000e\000q\000u\000i\000r\000e\000m\000e\000n\000t\000s}{}% 2
\BOOKMARK [1][-]{section.3}{\376\377\000D\000e\000b\000i\000a\000n\000\040\000I\000n\000s\000t\000a\000l\000l\000a\000t\000i\000o\000n}{}% 3
\BOOKMARK [2][-]{subsection.3.1}{\376\377\000P\000r\000e\000p\000a\000r\000i\000n\000g\000\040\000t\000h\000e\000\040\000I\000n\000s\000t\000a\000l\000l\000a\000t\000i\000o\000n\000\040\000M\000e\000d\000i\000u\000m}{section.3}% 4
\BOOKMARK [2][-]{subsection.3.2}{\376\377\000B\000I\000O\000S\000\040\000C\000o\000n\000f\000i\000g\000u\000r\000a\000t\000i\000o\000n\000\040\000a\000n\000d\000\040\000S\000t\000a\000r\000t\000i\000n\000g\000\040\000t\000h\000e\000\040\000I\000n\000s\000t\000a\000l\000l\000e\000r}{section.3}% 5
\BOOKMARK [2][-]{subsection.3.3}{\376\377\000P\000e\000r\000f\000o\000r\000m\000i\000n\000g\000\040\000t\000h\000e\000\040\000I\000n\000s\000t\000a\000l\000l\000a\000t\000i\000o\000n}{section.3}% 6
\BOOKMARK [2][-]{subsection.3.4}{\376\377\000P\000a\000r\000t\000i\000t\000i\000o\000n\000i\000n\000g\000\040\000t\000h\000e\000\040\000H\000a\000r\000d\000\040\000D\000r\000i\000v\000e}{section.3}% 7
\BOOKMARK [2][-]{subsection.3.5}{\376\377\000M\000i\000r\000r\000o\000r\000\040\000S\000e\000l\000e\000c\000t\000i\000o\000n}{section.3}% 8
\BOOKMARK [2][-]{subsection.3.6}{\376\377\000S\000o\000f\000t\000w\000a\000r\000e\000\040\000S\000e\000l\000e\000c\000t\000i\000o\000n}{section.3}% 9
\BOOKMARK [2][-]{subsection.3.7}{\376\377\000R\000e\000b\000o\000o\000t\000\040\000a\000n\000d\000\040\000F\000i\000r\000s\000t\000\040\000S\000t\000e\000p\000s}{section.3}% 10
\BOOKMARK [2][-]{subsection.3.8}{\376\377\000C\000r\000e\000a\000t\000i\000n\000g\000\040\000a\000\040\000S\000U\000D\000O\000\040\000U\000s\000e\000r}{section.3}% 11
\BOOKMARK [2][-]{subsection.3.9}{\376\377\000S\000S\000H\000\040\000C\000o\000n\000f\000i\000g\000u\000r\000a\000t\000i\000o\000n}{section.3}% 12
\BOOKMARK [2][-]{subsection.3.10}{\376\377\000L\000o\000g\000g\000i\000n\000g\000\040\000O\000u\000t\000\040\000t\000h\000e\000\040\000R\000O\000O\000T\000\040\000U\000s\000e\000r}{section.3}% 13
\BOOKMARK [2][-]{subsection.3.11}{\376\377\000I\000n\000s\000t\000a\000l\000l\000i\000n\000g\000\040\000P\000y\000t\000h\000o\000n\000\040\0003}{section.3}% 14
\BOOKMARK [2][-]{subsection.3.12}{\376\377\000S\000S\000H\000\040\000C\000o\000n\000n\000e\000c\000t\000i\000o\000n\000\040\000a\000n\000d\000\040\000D\000o\000c\000k\000e\000r\000\040\000I\000n\000s\000t\000a\000l\000l\000a\000t\000i\000o\000n}{section.3}% 15
\BOOKMARK [1][-]{section.4}{\376\377\000M\000a\000k\000i\000n\000g\000\040\000D\000e\000b\000i\000a\000n\000\040\000R\000e\000a\000l\000-\000T\000i\000m\000e\000\040\000C\000a\000p\000a\000b\000l\000e}{}% 16
\BOOKMARK [1][-]{section.5}{\376\377\000F\000o\000r\000\040\000N\000a\000t\000i\000v\000e\000\040\000L\000i\000n\000u\000x\000\040\000S\000L\000\040\000I\000n\000s\000t\000a\000l\000l\000a\000t\000i\000o\000n\000\040\000\050\000a\000\040\000S\000o\000f\000t\000S\000P\000S\000\051}{}% 17
\BOOKMARK [2][-]{subsection.5.1}{\376\377\000F\000o\000r\000\040\000R\000u\000n\000n\000i\000n\000g\000\040\000M\000u\000l\000t\000i\000p\000l\000e\000\040\000C\000o\000n\000t\000r\000o\000l\000l\000e\000r\000s\000\040\000w\000i\000t\000h\000\040\000a\000\040\000C\000o\000n\000t\000a\000i\000n\000e\000r\000\040\000E\000n\000g\000i\000n\000e\000\040\000\050\000e\000.\000g\000.\000\040\000D\000o\000c\000k\000e\000r\000\051}{section.5}% 18
\BOOKMARK [2][-]{subsection.5.2}{\376\377\000F\000o\000r\000\040\000S\000a\000f\000e\000t\000y\000\040\000F\000e\000a\000t\000u\000r\000e\000s\000\040\000w\000i\000t\000h\000\040\000C\000O\000D\000E\000S\000Y\000S}{section.5}% 19
\BOOKMARK [1][-]{section.6}{\376\377\000S\000o\000f\000t\000w\000a\000r\000e\000\040\000R\000e\000q\000u\000i\000r\000e\000m\000e\000n\000t\000s\000\040\000o\000f\000\040\000t\000h\000e\000\040\000H\000o\000s\000t\000\040\000D\000e\000v\000i\000c\000e}{}% 20
\BOOKMARK [1][-]{section.7}{\376\377\000N\000e\000t\000w\000o\000r\000k\000\040\000C\000o\000n\000f\000i\000g\000u\000r\000a\000t\000i\000o\000n}{}% 21
\BOOKMARK [1][-]{section.8}{\376\377\000I\000n\000s\000t\000a\000l\000l\000i\000n\000g\000\040\000R\000u\000n\000t\000i\000m\000e\000\040\000S\000y\000s\000t\000e\000m\000s}{}% 22
\BOOKMARK [1][-]{section.9}{\376\377\000D\000e\000p\000l\000o\000y\000m\000e\000n\000t\000\040\000t\000o\000\040\000u\000s\000e\000\040\000C\000o\000n\000t\000r\000o\000l\000\040\000L\000i\000n\000u\000x\000\040\000S\000L\000\040\000\050\000w\000i\000t\000h\000o\000u\000t\000\040\000D\000o\000c\000k\000e\000r\000\051}{}% 23
\BOOKMARK [1][-]{section.10}{\376\377\000I\000n\000s\000t\000a\000l\000l\000i\000n\000g\000\040\000C\000O\000D\000E\000S\000Y\000S\000\040\000V\000i\000r\000t\000u\000a\000l\000\040\000C\000o\000n\000t\000r\000o\000l\000\040\000f\000o\000r\000\040\000L\000i\000n\000u\000x\000\040\000S\000L}{}% 24
\BOOKMARK [2][-]{subsection.10.1}{\376\377\000D\000e\000p\000l\000o\000y\000m\000e\000n\000t\000\040\000O\000v\000e\000r\000v\000i\000e\000w\000\040\000\050\000U\000s\000i\000n\000g\000\040\000D\000o\000c\000k\000e\000r\000\040\000C\000o\000n\000t\000a\000i\000n\000e\000r\000s\000\051}{section.10}% 25
