This is pdfTeX, Version 3.141592653-2.6-1.40.25 (MiKTeX 24.1) (preloaded format=pdflatex 2025.5.6)  17 JUN 2025 20:12
entering extended mode
 restricted \write18 enabled.
 %&-line parsing enabled.
**./Projekt.tex
(Projekt.tex
LaTeX2e <2023-11-01> patch level 1
L3 programming layer <2024-01-04>
(C:\Users\leopo\AppData\Local\Programs\MiKTeX\tex/latex/base\article.cls
Document Class: article 2023/05/17 v1.4n Standard LaTeX document class
(C:\Users\leopo\AppData\Local\Programs\MiKTeX\tex/latex/base\size12.clo
File: size12.clo 2023/05/17 v1.4n Standard LaTeX file (size option)
)
\c@part=\count187
\c@section=\count188
\c@subsection=\count189
\c@subsubsection=\count190
\c@paragraph=\count191
\c@subparagraph=\count192
\c@figure=\count193
\c@table=\count194
\abovecaptionskip=\skip48
\belowcaptionskip=\skip49
\bibindent=\dimen140
)
(C:\Users\leopo\AppData\Local\Programs\MiKTeX\tex/latex/base\inputenc.sty
Package: inputenc 2021/02/14 v1.3d Input encoding file
\inpenc@prehook=\toks17
\inpenc@posthook=\toks18
)
(C:\Users\leopo\AppData\Local\Programs\MiKTeX\tex/latex/base\fontenc.sty
Package: fontenc 2021/04/29 v2.0v Standard LaTeX package
)
(C:\Users\leopo\AppData\Local\Programs\MiKTeX\tex/generic/babel\babel.sty
Package: babel 2024/01/07 v24.1 The Babel package
\babel@savecnt=\count195
\U@D=\dimen141
\l@unhyphenated=\language79

(C:\Users\leopo\AppData\Local\Programs\MiKTeX\tex/generic/babel\txtbabel.def)
\bbl@readstream=\read2
\bbl@dirlevel=\count196

*************************************
* Local config file bblopts.cfg used
*
(C:\Users\leopo\AppData\Local\Programs\MiKTeX\tex/latex/arabi\bblopts.cfg
File: bblopts.cfg 2005/09/08 v0.1 add Arabic and Farsi to "declared" options of
 babel
)
(C:\Users\leopo\AppData\Local\Programs\MiKTeX\tex/latex/babel-english\english.l
df
Language: english 2017/06/06 v3.3r English support from the babel system
Package babel Info: Hyphen rules for 'canadian' set to \l@english
(babel)             (\language0). Reported on input line 102.
Package babel Info: Hyphen rules for 'australian' set to \l@ukenglish
(babel)             (\language73). Reported on input line 105.
Package babel Info: Hyphen rules for 'newzealand' set to \l@ukenglish
(babel)             (\language73). Reported on input line 108.
))
(C:\Users\leopo\AppData\Local\Programs\MiKTeX\tex/generic/babel/locale/en\babel
-english.tex
Package babel Info: Importing font and identification data for english
(babel)             from babel-en.ini. Reported on input line 11.
)
(C:\Users\leopo\AppData\Local\Programs\MiKTeX\tex/latex/enumitem\enumitem.sty
Package: enumitem 2025/02/06 v3.11 Customized lists
\enitkv@toks@=\toks19
\labelindent=\skip50
\enit@outerparindent=\dimen142
\enit@toks=\toks20
\enit@inbox=\box51
\enit@count@id=\count197
\enitdp@description=\count198
)
(C:\Users\leopo\AppData\Local\Programs\MiKTeX\tex/latex/roboto\roboto.sty
Package: roboto 2022/09/10 (Bob Tennent) Supports Roboto fonts for all LaTeX en
gines.

(C:\Users\leopo\AppData\Local\Programs\MiKTeX\tex/generic/iftex\ifxetex.sty
Package: ifxetex 2019/10/25 v0.7 ifxetex legacy package. Use iftex instead.

(C:\Users\leopo\AppData\Local\Programs\MiKTeX\tex/generic/iftex\iftex.sty
Package: iftex 2022/02/03 v1.0f TeX engine tests
))
(C:\Users\leopo\AppData\Local\Programs\MiKTeX\tex/generic/iftex\ifluatex.sty
Package: ifluatex 2019/10/25 v1.5 ifluatex legacy package. Use iftex instead.
)
(C:\Users\leopo\AppData\Local\Programs\MiKTeX\tex/latex/xkeyval\xkeyval.sty
Package: xkeyval 2022/06/16 v2.9 package option processing (HA)

(C:\Users\leopo\AppData\Local\Programs\MiKTeX\tex/generic/xkeyval\xkeyval.tex
(C:\Users\leopo\AppData\Local\Programs\MiKTeX\tex/generic/xkeyval\xkvutils.tex
\XKV@toks=\toks21
\XKV@tempa@toks=\toks22

(C:\Users\leopo\AppData\Local\Programs\MiKTeX\tex/generic/xkeyval\keyval.tex))
\XKV@depth=\count199
File: xkeyval.tex 2014/12/03 v2.7a key=value parser (HA)
)) (C:\Users\leopo\AppData\Local\Programs\MiKTeX\tex/latex/base\textcomp.sty
Package: textcomp 2020/02/02 v2.0n Standard LaTeX package
)
(C:\Users\leopo\AppData\Local\Programs\MiKTeX\tex/latex/base\fontenc.sty
Package: fontenc 2021/04/29 v2.0v Standard LaTeX package


LaTeX Font Warning: Font shape `T1/cmr/l/n' undefined
(Font)              using `T1/cmr/m/n' instead on input line 112.

) (C:\Users\leopo\AppData\Local\Programs\MiKTeX\tex/latex/fontaxes\fontaxes.sty
Package: fontaxes 2020/07/21 v1.0e Font selection axes
LaTeX Info: Redefining \upshape on input line 29.
LaTeX Info: Redefining \itshape on input line 31.
LaTeX Info: Redefining \slshape on input line 33.
LaTeX Info: Redefining \swshape on input line 35.
LaTeX Info: Redefining \scshape on input line 37.
LaTeX Info: Redefining \sscshape on input line 39.
LaTeX Info: Redefining \ulcshape on input line 41.
LaTeX Info: Redefining \textsw on input line 47.
LaTeX Info: Redefining \textssc on input line 48.
LaTeX Info: Redefining \textulc on input line 49.
))
(C:\Users\leopo\AppData\Local\Programs\MiKTeX\tex/latex/geometry\geometry.sty
Package: geometry 2020/01/02 v5.9 Page Geometry

(C:\Users\leopo\AppData\Local\Programs\MiKTeX\tex/generic/iftex\ifvtex.sty
Package: ifvtex 2019/10/25 v1.7 ifvtex legacy package. Use iftex instead.
)
\Gm@cnth=\count266
\Gm@cntv=\count267
\c@Gm@tempcnt=\count268
\Gm@bindingoffset=\dimen143
\Gm@wd@mp=\dimen144
\Gm@odd@mp=\dimen145
\Gm@even@mp=\dimen146
\Gm@layoutwidth=\dimen147
\Gm@layoutheight=\dimen148
\Gm@layouthoffset=\dimen149
\Gm@layoutvoffset=\dimen150
\Gm@dimlist=\toks23

(C:\Users\leopo\AppData\Local\Programs\MiKTeX\tex/latex/geometry\geometry.cfg))
(C:\Users\leopo\AppData\Local\Programs\MiKTeX\tex/latex/graphics\graphicx.sty
Package: graphicx 2021/09/16 v1.2d Enhanced LaTeX Graphics (DPC,SPQR)

(C:\Users\leopo\AppData\Local\Programs\MiKTeX\tex/latex/graphics\graphics.sty
Package: graphics 2022/03/10 v1.4e Standard LaTeX Graphics (DPC,SPQR)

(C:\Users\leopo\AppData\Local\Programs\MiKTeX\tex/latex/graphics\trig.sty
Package: trig 2021/08/11 v1.11 sin cos tan (DPC)
)
(C:\Users\leopo\AppData\Local\Programs\MiKTeX\tex/latex/graphics-cfg\graphics.c
fg
File: graphics.cfg 2016/06/04 v1.11 sample graphics configuration
)
Package graphics Info: Driver file: pdftex.def on input line 107.

(C:\Users\leopo\AppData\Local\Programs\MiKTeX\tex/latex/graphics-def\pdftex.def
File: pdftex.def 2022/09/22 v1.2b Graphics/color driver for pdftex
))
\Gin@req@height=\dimen151
\Gin@req@width=\dimen152
) (C:\Users\leopo\AppData\Local\Programs\MiKTeX\tex/latex/caption\caption.sty
Package: caption 2023/08/05 v3.6o Customizing captions (AR)
(C:\Users\leopo\AppData\Local\Programs\MiKTeX\tex/latex/caption\caption3.sty
Package: caption3 2023/07/31 v2.4d caption3 kernel (AR)
\caption@tempdima=\dimen153
\captionmargin=\dimen154
\caption@leftmargin=\dimen155
\caption@rightmargin=\dimen156
\caption@width=\dimen157
\caption@indent=\dimen158
\caption@parindent=\dimen159
\caption@hangindent=\dimen160
Package caption Info: Standard document class detected.
)
\c@caption@flags=\count269
\c@continuedfloat=\count270
)
(C:\Users\leopo\AppData\Local\Programs\MiKTeX\tex/latex/tocloft\tocloft.sty
Package: tocloft 2017/08/31 v2.3i parameterised ToC, etc., typesetting
Package tocloft Info: The document has section divisions on input line 51.
\cftparskip=\skip51
\cftbeforetoctitleskip=\skip52
\cftaftertoctitleskip=\skip53
\cftbeforepartskip=\skip54
\cftpartnumwidth=\skip55
\cftpartindent=\skip56
\cftbeforesecskip=\skip57
\cftsecindent=\skip58
\cftsecnumwidth=\skip59
\cftbeforesubsecskip=\skip60
\cftsubsecindent=\skip61
\cftsubsecnumwidth=\skip62
\cftbeforesubsubsecskip=\skip63
\cftsubsubsecindent=\skip64
\cftsubsubsecnumwidth=\skip65
\cftbeforeparaskip=\skip66
\cftparaindent=\skip67
\cftparanumwidth=\skip68
\cftbeforesubparaskip=\skip69
\cftsubparaindent=\skip70
\cftsubparanumwidth=\skip71
\cftbeforeloftitleskip=\skip72
\cftafterloftitleskip=\skip73
\cftbeforefigskip=\skip74
\cftfigindent=\skip75
\cftfignumwidth=\skip76
\c@lofdepth=\count271
\c@lotdepth=\count272
\cftbeforelottitleskip=\skip77
\cftafterlottitleskip=\skip78
\cftbeforetabskip=\skip79
\cfttabindent=\skip80
\cfttabnumwidth=\skip81
)
(C:\Users\leopo\AppData\Local\Programs\MiKTeX\tex/latex/parskip\parskip.sty
Package: parskip 2021-03-14 v2.0h non-zero parskip adjustments

(C:\Users\leopo\AppData\Local\Programs\MiKTeX\tex/latex/kvoptions\kvoptions.sty
Package: kvoptions 2022-06-15 v3.15 Key value format for package options (HO)
(C:\Users\leopo\AppData\Local\Programs\MiKTeX\tex/generic/ltxcmds\ltxcmds.sty
Package: ltxcmds 2023-12-04 v1.26 LaTeX kernel commands for general use (HO)
)
(C:\Users\leopo\AppData\Local\Programs\MiKTeX\tex/latex/kvsetkeys\kvsetkeys.sty
Package: kvsetkeys 2022-10-05 v1.19 Key value parser (HO)
))
(C:\Users\leopo\AppData\Local\Programs\MiKTeX\tex/latex/etoolbox\etoolbox.sty
Package: etoolbox 2020/10/05 v2.5k e-TeX tools for LaTeX (JAW)
\etb@tempcnta=\count273
)) (C:\Users\leopo\AppData\Local\Programs\MiKTeX\tex/latex/url\url.sty
\Urlmuskip=\muskip16
Package: url 2013/09/16  ver 3.4  Verb mode for urls, etc.
)
(C:\Users\leopo\AppData\Local\Programs\MiKTeX\tex/latex/amsmath\amsmath.sty
Package: amsmath 2023/05/13 v2.17o AMS math features
\@mathmargin=\skip82

For additional information on amsmath, use the `?' option.
(C:\Users\leopo\AppData\Local\Programs\MiKTeX\tex/latex/amsmath\amstext.sty
Package: amstext 2021/08/26 v2.01 AMS text

(C:\Users\leopo\AppData\Local\Programs\MiKTeX\tex/latex/amsmath\amsgen.sty
File: amsgen.sty 1999/11/30 v2.0 generic functions
\@emptytoks=\toks24
\ex@=\dimen161
))
(C:\Users\leopo\AppData\Local\Programs\MiKTeX\tex/latex/amsmath\amsbsy.sty
Package: amsbsy 1999/11/29 v1.2d Bold Symbols
\pmbraise@=\dimen162
)
(C:\Users\leopo\AppData\Local\Programs\MiKTeX\tex/latex/amsmath\amsopn.sty
Package: amsopn 2022/04/08 v2.04 operator names
)
\inf@bad=\count274
LaTeX Info: Redefining \frac on input line 234.
\uproot@=\count275
\leftroot@=\count276
LaTeX Info: Redefining \overline on input line 399.
LaTeX Info: Redefining \colon on input line 410.
\classnum@=\count277
\DOTSCASE@=\count278
LaTeX Info: Redefining \ldots on input line 496.
LaTeX Info: Redefining \dots on input line 499.
LaTeX Info: Redefining \cdots on input line 620.
\Mathstrutbox@=\box52
\strutbox@=\box53
LaTeX Info: Redefining \big on input line 722.
LaTeX Info: Redefining \Big on input line 723.
LaTeX Info: Redefining \bigg on input line 724.
LaTeX Info: Redefining \Bigg on input line 725.
\big@size=\dimen163
LaTeX Font Info:    Redeclaring font encoding OML on input line 743.
LaTeX Font Info:    Redeclaring font encoding OMS on input line 744.
\macc@depth=\count279
LaTeX Info: Redefining \bmod on input line 905.
LaTeX Info: Redefining \pmod on input line 910.
LaTeX Info: Redefining \smash on input line 940.
LaTeX Info: Redefining \relbar on input line 970.
LaTeX Info: Redefining \Relbar on input line 971.
\c@MaxMatrixCols=\count280
\dotsspace@=\muskip17
\c@parentequation=\count281
\dspbrk@lvl=\count282
\tag@help=\toks25
\row@=\count283
\column@=\count284
\maxfields@=\count285
\andhelp@=\toks26
\eqnshift@=\dimen164
\alignsep@=\dimen165
\tagshift@=\dimen166
\tagwidth@=\dimen167
\totwidth@=\dimen168
\lineht@=\dimen169
\@envbody=\toks27
\multlinegap=\skip83
\multlinetaggap=\skip84
\mathdisplay@stack=\toks28
LaTeX Info: Redefining \[ on input line 2953.
LaTeX Info: Redefining \] on input line 2954.
)
(C:\Users\leopo\AppData\Local\Programs\MiKTeX\tex/latex/amsfonts\amsfonts.sty
Package: amsfonts 2013/01/14 v3.01 Basic AMSFonts support
\symAMSa=\mathgroup4
\symAMSb=\mathgroup5
LaTeX Font Info:    Redeclaring math symbol \hbar on input line 98.
LaTeX Font Info:    Overwriting math alphabet `\mathfrak' in version `bold'
(Font)                  U/euf/m/n --> U/euf/b/n on input line 106.
)
(C:\Users\leopo\AppData\Local\Programs\MiKTeX\tex/latex/amsfonts\amssymb.sty
Package: amssymb 2013/01/14 v3.01 AMS font symbols
)
(C:\Users\leopo\AppData\Local\Programs\MiKTeX\tex/latex/listings\listings.sty
\lst@mode=\count286
\lst@gtempboxa=\box54
\lst@token=\toks29
\lst@length=\count287
\lst@currlwidth=\dimen170
\lst@column=\count288
\lst@pos=\count289
\lst@lostspace=\dimen171
\lst@width=\dimen172
\lst@newlines=\count290
\lst@lineno=\count291
\lst@maxwidth=\dimen173

(C:\Users\leopo\AppData\Local\Programs\MiKTeX\tex/latex/listings\lstmisc.sty
File: lstmisc.sty 2023/02/27 1.9 (Carsten Heinz)
\c@lstnumber=\count292
\lst@skipnumbers=\count293
\lst@framebox=\box55
)
(C:\Users\leopo\AppData\Local\Programs\MiKTeX\tex/latex/listings\listings.cfg
File: listings.cfg 2023/02/27 1.9 listings configuration
))
Package: listings 2023/02/27 1.9 (Carsten Heinz)
(C:\Users\leopo\AppData\Local\Programs\MiKTeX\tex/latex/xcolor\xcolor.sty
Package: xcolor 2023/11/15 v3.01 LaTeX color extensions (UK)

(C:\Users\leopo\AppData\Local\Programs\MiKTeX\tex/latex/graphics-cfg\color.cfg
File: color.cfg 2016/01/02 v1.6 sample color configuration
)
Package xcolor Info: Driver file: pdftex.def on input line 274.
(C:\Users\leopo\AppData\Local\Programs\MiKTeX\tex/latex/graphics\mathcolor.ltx)
Package xcolor Info: Model `cmy' substituted by `cmy0' on input line 1350.
Package xcolor Info: Model `hsb' substituted by `rgb' on input line 1354.
Package xcolor Info: Model `RGB' extended on input line 1366.
Package xcolor Info: Model `HTML' substituted by `rgb' on input line 1368.
Package xcolor Info: Model `Hsb' substituted by `hsb' on input line 1369.
Package xcolor Info: Model `tHsb' substituted by `hsb' on input line 1370.
Package xcolor Info: Model `HSB' substituted by `hsb' on input line 1371.
Package xcolor Info: Model `Gray' substituted by `gray' on input line 1372.
Package xcolor Info: Model `wave' substituted by `hsb' on input line 1373.
) (C:\Users\leopo\AppData\Local\Programs\MiKTeX\tex/latex/float\float.sty
Package: float 2001/11/08 v1.3d Float enhancements (AL)
\c@float@type=\count294
\float@exts=\toks30
\float@box=\box56
\@float@everytoks=\toks31
\@floatcapt=\box57
)
(C:\Users\leopo\AppData\Local\Programs\MiKTeX\tex/latex/titlesec\titlesec.sty
Package: titlesec 2025/01/04 v2.17 Sectioning titles
\ttl@box=\box58
\beforetitleunit=\skip85
\aftertitleunit=\skip86
\ttl@plus=\dimen174
\ttl@minus=\dimen175
\ttl@toksa=\toks32
\titlewidth=\dimen176
\titlewidthlast=\dimen177
\titlewidthfirst=\dimen178
)
LaTeX Font Info:    Trying to load font information for T1+Roboto-LF on input l
ine 60.

(C:\Users\leopo\AppData\Local\Programs\MiKTeX\tex/latex/roboto\t1roboto-lf.fd
File: T1Roboto-LF.fd 2019/12/11 (autoinst) Font definitions for T1/Roboto-LF.
)
LaTeX Font Info:    Font shape `T1/Roboto-LF/l/n' aliased to
(Font)              `T1/Roboto-LF/light/n' on input line 60.
LaTeX Font Info:    Font shape `T1/Roboto-LF/light/n' will be
(Font)              scaled to size 12.0pt on input line 60.

(C:\Users\leopo\AppData\Local\Programs\MiKTeX\tex/latex/l3backend\l3backend-pdf
tex.def
File: l3backend-pdftex.def 2024-01-04 L3 backend support: PDF output (pdfTeX)
\l__color_backend_stack_int=\count295
\l__pdf_internal_box=\box59
) (Projekt.aux)
\openout1 = `Projekt.aux'.

LaTeX Font Info:    Checking defaults for OML/cmm/m/it on input line 60.
LaTeX Font Info:    ... okay on input line 60.
LaTeX Font Info:    Checking defaults for OMS/cmsy/m/n on input line 60.
LaTeX Font Info:    ... okay on input line 60.
LaTeX Font Info:    Checking defaults for OT1/cmr/m/n on input line 60.
LaTeX Font Info:    ... okay on input line 60.
LaTeX Font Info:    Checking defaults for T1/cmr/m/n on input line 60.
LaTeX Font Info:    ... okay on input line 60.
LaTeX Font Info:    Checking defaults for TS1/cmr/m/n on input line 60.
LaTeX Font Info:    ... okay on input line 60.
LaTeX Font Info:    Checking defaults for OMX/cmex/m/n on input line 60.
LaTeX Font Info:    ... okay on input line 60.
LaTeX Font Info:    Checking defaults for U/cmr/m/n on input line 60.
LaTeX Font Info:    ... okay on input line 60.
\c@mv@tabular=\count296
\c@mv@boldtabular=\count297

*geometry* driver: auto-detecting
*geometry* detected driver: pdftex
*geometry* verbose mode - [ preamble ] result:
* driver: pdftex
* paper: a4paper
* layout: <same size as paper>
* layoutoffset:(h,v)=(0.0pt,0.0pt)
* modes: 
* h-part:(L,W,R)=(71.13188pt, 455.24411pt, 71.13188pt)
* v-part:(T,H,B)=(71.13188pt, 702.78308pt, 71.13188pt)
* \paperwidth=597.50787pt
* \paperheight=845.04684pt
* \textwidth=455.24411pt
* \textheight=702.78308pt
* \oddsidemargin=-1.1381pt
* \evensidemargin=-1.1381pt
* \topmargin=-38.1381pt
* \headheight=12.0pt
* \headsep=25.0pt
* \topskip=12.0pt
* \footskip=30.0pt
* \marginparwidth=35.0pt
* \marginparsep=10.0pt
* \columnsep=10.0pt
* \skip\footins=10.8pt plus 4.0pt minus 2.0pt
* \hoffset=0.0pt
* \voffset=0.0pt
* \mag=1000
* \@twocolumnfalse
* \@twosidefalse
* \@mparswitchfalse
* \@reversemarginfalse
* (1in=72.27pt=25.4mm, 1cm=28.453pt)


(C:\Users\leopo\AppData\Local\Programs\MiKTeX\tex/context/base/mkii\supp-pdf.mk
ii
[Loading MPS to PDF converter (version 2006.09.02).]
\scratchcounter=\count298
\scratchdimen=\dimen179
\scratchbox=\box60
\nofMPsegments=\count299
\nofMParguments=\count300
\everyMPshowfont=\toks33
\MPscratchCnt=\count301
\MPscratchDim=\dimen180
\MPnumerator=\count302
\makeMPintoPDFobject=\count303
\everyMPtoPDFconversion=\toks34
)
(C:\Users\leopo\AppData\Local\Programs\MiKTeX\tex/latex/epstopdf-pkg\epstopdf-b
ase.sty
Package: epstopdf-base 2020-01-24 v2.11 Base part for package epstopdf
Package epstopdf-base Info: Redefining graphics rule for `.eps' on input line 4
85.

(C:\Users\leopo\AppData\Local\Programs\MiKTeX\tex/latex/00miktex\epstopdf-sys.c
fg
File: epstopdf-sys.cfg 2021/03/18 v2.0 Configuration of epstopdf for MiKTeX
))
Package caption Info: Begin \AtBeginDocument code.
Package caption Info: float package is loaded.
Package caption Info: listings package is loaded.
Package caption Info: End \AtBeginDocument code.
\c@lstlisting=\count304
LaTeX Font Info:    Font shape `T1/Roboto-LF/l/n' aliased to
(Font)              `T1/Roboto-LF/light/n' on input line 62.
LaTeX Font Info:    Font shape `T1/Roboto-LF/light/n' will be
(Font)              scaled to size 20.74pt on input line 62.
LaTeX Font Info:    Font shape `T1/Roboto-LF/b/n' aliased to
(Font)              `T1/Roboto-LF/bold/n' on input line 62.
LaTeX Font Info:    Font shape `T1/Roboto-LF/bold/n' will be
(Font)              scaled to size 20.74pt on input line 62.
LaTeX Font Info:    Font shape `T1/Roboto-LF/l/n' aliased to
(Font)              `T1/Roboto-LF/light/n' on input line 62.
LaTeX Font Info:    Font shape `T1/Roboto-LF/light/n' will be
(Font)              scaled to size 14.4pt on input line 62.
LaTeX Font Info:    Trying to load font information for U+msa on input line 62.

 (C:\Users\leopo\AppData\Local\Programs\MiKTeX\tex/latex/amsfonts\umsa.fd
File: umsa.fd 2013/01/14 v3.01 AMS symbols A
)
LaTeX Font Info:    Trying to load font information for U+msb on input line 62.


(C:\Users\leopo\AppData\Local\Programs\MiKTeX\tex/latex/amsfonts\umsb.fd
File: umsb.fd 2013/01/14 v3.01 AMS symbols B
)
[1

{C:/Users/leopo/AppData/Local/MiKTeX/fonts/map/pdftex/pdftex.map}{C:/Users/leop
o/AppData/Local/Programs/MiKTeX/fonts/enc/dvips/roboto/rbto_b5rac7.enc}]
LaTeX Font Info:    Font shape `T1/Roboto-LF/l/n' aliased to
(Font)              `T1/Roboto-LF/light/n' on input line 65.
LaTeX Font Info:    Font shape `T1/Roboto-LF/light/n' will be
(Font)              scaled to size 17.28pt on input line 65.
LaTeX Font Info:    Font shape `T1/Roboto-LF/b/n' aliased to
(Font)              `T1/Roboto-LF/bold/n' on input line 65.
LaTeX Font Info:    Font shape `T1/Roboto-LF/bold/n' will be
(Font)              scaled to size 17.28pt on input line 65.

(Projekt.toc
LaTeX Font Info:    Font shape `T1/Roboto-LF/b/n' aliased to
(Font)              `T1/Roboto-LF/bold/n' on input line 2.
LaTeX Font Info:    Font shape `T1/Roboto-LF/bold/n' will be
(Font)              scaled to size 12.0pt on input line 2.
 [2

])
\tf@toc=\write3
\openout3 = `Projekt.toc'.

 [3]
LaTeX Font Info:    Trying to load font information for TS1+Roboto-LF on input 
line 74.

(C:\Users\leopo\AppData\Local\Programs\MiKTeX\tex/latex/roboto\ts1roboto-lf.fd
File: TS1Roboto-LF.fd 2019/12/11 (autoinst) Font definitions for TS1/Roboto-LF.

)
LaTeX Font Info:    Font shape `TS1/Roboto-LF/l/n' aliased to
(Font)              `TS1/Roboto-LF/light/n' on input line 74.
LaTeX Font Info:    Font shape `TS1/Roboto-LF/light/n' will be
(Font)              scaled to size 12.0pt on input line 74.
LaTeX Font Info:    Font shape `T1/Roboto-LF/b/n' aliased to
(Font)              `T1/Roboto-LF/bold/n' on input line 83.
LaTeX Font Info:    Font shape `T1/Roboto-LF/bold/n' will be
(Font)              scaled to size 14.4pt on input line 83.
LaTeX Font Info:    Trying to load font information for T1+cmtt on input line 8
5.
(C:\Users\leopo\AppData\Local\Programs\MiKTeX\tex/latex/base\t1cmtt.fd
File: t1cmtt.fd 2023/04/13 v2.5m Standard LaTeX font definitions
)
[4

{C:/Users/leopo/AppData/Local/Programs/MiKTeX/fonts/enc/dvips/roboto/rbto_ocbbs
b.enc}]
LaTeX Font Info:    Font shape `T1/Roboto-LF/l/n' aliased to
(Font)              `T1/Roboto-LF/light/n' on input line 159.
LaTeX Font Info:    Font shape `T1/Roboto-LF/light/n' will be
(Font)              scaled to size 10.95pt on input line 159.
 [5]
Overfull \hbox (20.35103pt too wide) in paragraph at lines 181--182
[]\T1/Roboto-LF/light/n/12 Follow the link to in-stall Docker: $\T1/cmtt/m/n/12
 https : / / docs . docker . com / engine / install / debian/$ 
 []

[6]
LaTeX Font Info:    Font shape `T1/Roboto-LF/l/it' aliased to
(Font)              `T1/Roboto-LF/light/it' on input line 234.
LaTeX Font Info:    Font shape `T1/Roboto-LF/light/it' will be
(Font)              scaled to size 12.0pt on input line 234.
LaTeX Font Info:    Font shape `TS1/Roboto-LF/l/it' aliased to
(Font)              `TS1/Roboto-LF/light/it' on input line 240.
LaTeX Font Info:    Font shape `TS1/Roboto-LF/light/it' will be
(Font)              scaled to size 12.0pt on input line 240.
 [7]
Overfull \hbox (11.84103pt too wide) in paragraph at lines 253--254
[]\T1/cmtt/m/n/12 intel_pstate=disable, noht, processor.max_cstate=0 \T1/Roboto
-LF/light/n/12 ^^U Rel-e-vant for In-tel CPUs
 []

[8]
<./assets/1.jpg, id=36, 1744.5175pt x 983.675pt>
File: ./assets/1.jpg Graphic file (type jpg)
<use ./assets/1.jpg>
Package pdftex.def Info: ./assets/1.jpg  used on input line 265.
(pdftex.def)             Requested size: 455.24411pt x 256.69507pt.

Overfull \hbox (22.51595pt too wide) in paragraph at lines 279--279
|[]\T1/Roboto-LF/bold/n/14.4 For Run-ning Mul-ti-ple Con-trollers with a Con-ta
iner En-gine (e.g. Docker)| 
 []

[9 <./assets/1.jpg>]
Overfull \hbox (4.83536pt too wide) in paragraph at lines 299--300
\T1/Roboto-LF/light/n/12 The host de-vice must cur-rently meet the fol-low-ing 
soft-ware re-quire-ments to en-sure proper
 []


Overfull \hbox (6.40009pt too wide) in paragraph at lines 305--306
\T1/Roboto-LF/light/n/12 specif-i-cally for us-ing \T1/cmtt/m/n/12 CODESYS Cont
rol for Linux SL - AMD64 \T1/Roboto-LF/light/n/12 in com-bi-na-tion with
 []


Overfull \hbox (24.79553pt too wide) in paragraph at lines 328--329
[]$\T1/cmtt/m/n/12 https : / / content . helpmecodesys . com / de / CODESYS % 2
0Control / _rtsl _ performance _
 []

[10]
<./assets/2.jpg, id=43, 2185.16376pt x 1223.57124pt>
File: ./assets/2.jpg Graphic file (type jpg)
<use ./assets/2.jpg>
Package pdftex.def Info: ./assets/2.jpg  used on input line 338.
(pdftex.def)             Requested size: 455.24411pt x 254.90382pt.
 [11 <./assets/2.jpg>]
LaTeX Font Info:    Trying to load font information for TS1+cmtt on input line 
368.

(C:\Users\leopo\AppData\Local\Programs\MiKTeX\tex/latex/base\ts1cmtt.fd
File: ts1cmtt.fd 2023/04/13 v2.5m Standard LaTeX font definitions
)
Overfull \hbox (16.43031pt too wide) in paragraph at lines 366--369
\T1/Roboto-LF/light/n/12 Nav-i-gate to: \T1/cmtt/m/n/12 Tools \TS1/cmtt/m/n/12 
^^Y \T1/cmtt/m/n/12 Deploy Control SL \TS1/cmtt/m/n/12 ^^Y \T1/cmtt/m/n/12 Conn
ect to the Linux target system via
 []

<./assets/3.jpg, id=47, 490.83376pt x 175.40532pt>
File: ./assets/3.jpg Graphic file (type jpg)
<use ./assets/3.jpg>
Package pdftex.def Info: ./assets/3.jpg  used on input line 376.
(pdftex.def)             Requested size: 455.24411pt x 162.69165pt.
<./assets/4.jpg, id=48, 382.42876pt x 103.13531pt>
File: ./assets/4.jpg Graphic file (type jpg)
<use ./assets/4.jpg>
Package pdftex.def Info: ./assets/4.jpg  used on input line 387.
(pdftex.def)             Requested size: 455.24411pt x 122.77815pt.
[12 <./assets/3.jpg> <./assets/4.jpg>]
Overfull \hbox (4.68092pt too wide) in paragraph at lines 409--411
[]\T1/Roboto-LF/light/n/12 Refer to the of-fi-cial CODESYS doc-u-men-ta-tion fo
r back-ground: $\T1/cmtt/m/n/12 https : / / content . helpme -[]
 []

<./assets/5.PNG, id=53, 1236.7634pt x 492.12428pt>
File: ./assets/5.PNG Graphic file (type png)
<use ./assets/5.PNG>
Package pdftex.def Info: ./assets/5.PNG  used on input line 433.
(pdftex.def)             Requested size: 455.24411pt x 181.14447pt.
[13]
<./assets/6.PNG, id=59, 1238.05392pt x 492.98465pt>
File: ./assets/6.PNG Graphic file (type png)
<use ./assets/6.PNG>
Package pdftex.def Info: ./assets/6.PNG  used on input line 466.
(pdftex.def)             Requested size: 455.24411pt x 181.2731pt.
 [14 <./assets/5.PNG>]
<./assets/7.PNG, id=64, 1238.05392pt x 493.845pt>
File: ./assets/7.PNG Graphic file (type png)
<use ./assets/7.PNG>
Package pdftex.def Info: ./assets/7.PNG  used on input line 472.
(pdftex.def)             Requested size: 455.24411pt x 181.58946pt.
<./assets/8.PNG, id=65, 1238.05392pt x 492.12428pt>
File: ./assets/8.PNG Graphic file (type png)
<use ./assets/8.PNG>
Package pdftex.def Info: ./assets/8.PNG  used on input line 478.
(pdftex.def)             Requested size: 455.24411pt x 180.95674pt.
 [15 <./assets/6.PNG> <./assets/7.PNG> <./assets/8.PNG>] [16]
<./assets/9.JPG, id=75, 443.40656pt x 241.65282pt>
File: ./assets/9.JPG Graphic file (type jpg)
<use ./assets/9.JPG>
Package pdftex.def Info: ./assets/9.JPG  used on input line 510.
(pdftex.def)             Requested size: 364.19667pt x 198.49582pt.

Overfull \hbox (9.01872pt too wide) in paragraph at lines 520--523
\T1/Roboto-LF/light/it/12 Stan-dard Project\T1/Roboto-LF/light/n/12 , se-lect t
he fol-low-ing de-vice: \T1/cmtt/m/n/12 CODESYS Control for Linux SL (CODESYS) 

 []

<./assets/10.JPG, id=76, 431.36156pt x 243.91125pt>
File: ./assets/10.JPG Graphic file (type jpg)
<use ./assets/10.JPG>
Package pdftex.def Info: ./assets/10.JPG  used on input line 526.
(pdftex.def)             Requested size: 364.19667pt x 205.94102pt.
[17 <./assets/9.JPG>]
<./assets/11.JPG, id=80, 304.13625pt x 387.69844pt>
File: ./assets/11.JPG Graphic file (type jpg)
<use ./assets/11.JPG>
Package pdftex.def Info: ./assets/11.JPG  used on input line 535.
(pdftex.def)             Requested size: 273.14923pt x 348.20955pt.
 [18 <./assets/10.JPG> <./assets/11.JPG>]
<./assets/12.JPG, id=84, 249.93375pt x 246.9225pt>
File: ./assets/12.JPG Graphic file (type jpg)
<use ./assets/12.JPG>
Package pdftex.def Info: ./assets/12.JPG  used on input line 551.
(pdftex.def)             Requested size: 227.62206pt x 224.88818pt.

Overfull \hbox (6.20346pt too wide) in paragraph at lines 554--555
[]\T1/Roboto-LF/light/n/12 These com-po-nents pro-vide the foun-da-tion for de-
vel-op-ing and man-ag-ing the safety-related
 []

<./assets/gateway.png, id=85, 1238.05392pt x 492.98465pt>
File: ./assets/gateway.png Graphic file (type png)
<use ./assets/gateway.png>
Package pdftex.def Info: ./assets/gateway.png  used on input line 562.
(pdftex.def)             Requested size: 455.24411pt x 181.2731pt.
[19 <./assets/12.JPG> <./assets/gateway.png>]
Overfull \hbox (17.62927pt too wide) in paragraph at lines 568--569
[]$\T1/cmtt/m/n/12 https : / / content . helpme -[] codesys . com / en / CODESY
S % 20Control / _rtsl _ load _
 []

<./assets/14.JPG, id=91, 495.35063pt x 232.61906pt>
File: ./assets/14.JPG Graphic file (type jpg)
<use ./assets/14.JPG>
Package pdftex.def Info: ./assets/14.JPG  used on input line 598.
(pdftex.def)             Requested size: 455.24411pt x 213.78496pt.
(C:\Users\leopo\AppData\Local\Programs\MiKTeX\tex/latex/listings\lstlang1.sty
File: lstlang1.sty 2023/02/27 1.9 listings language file
)
(C:\Users\leopo\AppData\Local\Programs\MiKTeX\tex/latex/listings\lstlang1.sty
File: lstlang1.sty 2023/02/27 1.9 listings language file
)
[20 <./assets/14.JPG>]
LaTeX Font Info:    Font shape `T1/cmtt/bx/n' in size <10.95> not available
(Font)              Font shape `T1/cmtt/m/n' tried instead on input line 605.
<./assets/15.JPG, id=95, 532.99126pt x 207.02344pt>
File: ./assets/15.JPG Graphic file (type jpg)
<use ./assets/15.JPG>
Package pdftex.def Info: ./assets/15.JPG  used on input line 612.
(pdftex.def)             Requested size: 455.24411pt x 176.82996pt.
<./assets/e1.JPG, id=96, 589.4522pt x 545.78906pt>
File: ./assets/e1.JPG Graphic file (type jpg)
<use ./assets/e1.JPG>
Package pdftex.def Info: ./assets/e1.JPG  used on input line 633.
(pdftex.def)             Requested size: 227.62206pt x 210.7582pt.
 [21 <./assets/15.JPG>]
<./assets/e2.JPG, id=100, 373.395pt x 537.50812pt>
File: ./assets/e2.JPG Graphic file (type jpg)
<use ./assets/e2.JPG>
Package pdftex.def Info: ./assets/e2.JPG  used on input line 641.
(pdftex.def)             Requested size: 182.09486pt x 262.12642pt.
<./assets/e3.JPG, id=101, 573.64313pt x 240.9pt>
File: ./assets/e3.JPG Graphic file (type jpg)
<use ./assets/e3.JPG>
Package pdftex.def Info: ./assets/e3.JPG  used on input line 648.
(pdftex.def)             Requested size: 455.24411pt x 191.18375pt.
 [22 <./assets/e1.JPG> <./assets/e2.JPG>]
<./assets/e4.JPG, id=105, 577.40718pt x 349.305pt>
File: ./assets/e4.JPG Graphic file (type jpg)
<use ./assets/e4.JPG>
Package pdftex.def Info: ./assets/e4.JPG  used on input line 654.
(pdftex.def)             Requested size: 364.19667pt x 220.3298pt.
<./assets/e5.JPG, id=106, 861.2175pt x 358.33875pt>
File: ./assets/e5.JPG Graphic file (type jpg)
<use ./assets/e5.JPG>
Package pdftex.def Info: ./assets/e5.JPG  used on input line 663.
(pdftex.def)             Requested size: 455.24411pt x 189.42107pt.
 [23 <./assets/e3.JPG> <./assets/e4.JPG>]
<./assets/e6.JPG, id=110, 729.47531pt x 219.06844pt>
File: ./assets/e6.JPG Graphic file (type jpg)
<use ./assets/e6.JPG>
Package pdftex.def Info: ./assets/e6.JPG  used on input line 669.
(pdftex.def)             Requested size: 455.24411pt x 136.71352pt.
<./assets/e7.JPG, id=111, 681.29532pt x 216.81pt>
File: ./assets/e7.JPG Graphic file (type jpg)
<use ./assets/e7.JPG>
Package pdftex.def Info: ./assets/e7.JPG  used on input line 675.
(pdftex.def)             Requested size: 455.24411pt x 144.87488pt.
<./assets/e8.JPG, id=112, 927.465pt x 295.85532pt>
File: ./assets/e8.JPG Graphic file (type jpg)
<use ./assets/e8.JPG>
Package pdftex.def Info: ./assets/e8.JPG  used on input line 683.
(pdftex.def)             Requested size: 455.24411pt x 145.22318pt.
 [24 <./assets/e5.JPG> <./assets/e6.JPG> <./assets/e7.JPG>]
<./assets/e9.JPG, id=116, 592.46344pt x 355.3275pt>
File: ./assets/e9.JPG Graphic file (type jpg)
<use ./assets/e9.JPG>
Package pdftex.def Info: ./assets/e9.JPG  used on input line 689.
(pdftex.def)             Requested size: 318.66948pt x 191.12576pt.
<./assets/e10.JPG, id=117, 520.94624pt x 222.8325pt>
File: ./assets/e10.JPG Graphic file (type jpg)
<use ./assets/e10.JPG>
Package pdftex.def Info: ./assets/e10.JPG  used on input line 697.
(pdftex.def)             Requested size: 318.66948pt x 136.30844pt.
<./assets/e11.JPG, id=118, 928.97063pt x 325.215pt>
File: ./assets/e11.JPG Graphic file (type jpg)
<use ./assets/e11.JPG>
Package pdftex.def Info: ./assets/e11.JPG  used on input line 703.
(pdftex.def)             Requested size: 455.24411pt x 159.37659pt.
 [25 <./assets/e8.JPG> <./assets/e9.JPG> <./assets/e10.JPG>]
<./assets/e13.JPG, id=123, 721.94719pt x 75.28125pt>
File: ./assets/e13.JPG Graphic file (type jpg)
<use ./assets/e13.JPG>
Package pdftex.def Info: ./assets/e13.JPG  used on input line 708.
(pdftex.def)             Requested size: 455.24411pt x 47.47107pt.
<./assets/e14.JPG, id=124, 575.90157pt x 348.55219pt>
File: ./assets/e14.JPG Graphic file (type jpg)
<use ./assets/e14.JPG>
Package pdftex.def Info: ./assets/e14.JPG  used on input line 716.
(pdftex.def)             Requested size: 364.19667pt x 220.42934pt.
<./assets/e15.JPG, id=125, 435.12563pt x 197.98969pt>
File: ./assets/e15.JPG Graphic file (type jpg)
<use ./assets/e15.JPG>
Package pdftex.def Info: ./assets/e15.JPG  used on input line 721.
(pdftex.def)             Requested size: 364.19667pt x 165.72713pt.
 [26 <./assets/e11.JPG> <./assets/e13.JPG> <./assets/e14.JPG>]
<./assets/e16.JPG, id=129, 436.63126pt x 143.03438pt>
File: ./assets/e16.JPG Graphic file (type jpg)
<use ./assets/e16.JPG>
Package pdftex.def Info: ./assets/e16.JPG  used on input line 726.
(pdftex.def)             Requested size: 455.24411pt x 149.13199pt.
<./assets/e17.JPG, id=130, 619.56468pt x 58.71938pt>
File: ./assets/e17.JPG Graphic file (type jpg)
<use ./assets/e17.JPG>
Package pdftex.def Info: ./assets/e17.JPG  used on input line 731.
(pdftex.def)             Requested size: 455.24411pt x 43.1452pt.
<./assets/e18.JPG, id=131, 361.35pt x 241.65282pt>
File: ./assets/e18.JPG Graphic file (type jpg)
<use ./assets/e18.JPG>
Package pdftex.def Info: ./assets/e18.JPG  used on input line 737.
(pdftex.def)             Requested size: 364.19667pt x 243.55856pt.
<./assets/e19.JPG, id=132, 581.92406pt x 211.54031pt>
File: ./assets/e19.JPG Graphic file (type jpg)
<use ./assets/e19.JPG>
Package pdftex.def Info: ./assets/e19.JPG  used on input line 741.
(pdftex.def)             Requested size: 364.19667pt x 132.39311pt.

[27 <./assets/e15.JPG> <./assets/e16.JPG> <./assets/e17.JPG>]
<./assets/e19e20.JPG, id=136, 676.77844pt x 219.06844pt>
File: ./assets/e19e20.JPG Graphic file (type jpg)
<use ./assets/e19e20.JPG>
Package pdftex.def Info: ./assets/e19e20.JPG  used on input line 746.
(pdftex.def)             Requested size: 364.19667pt x 117.89072pt.
<./assets/e21.JPG, id=137, 573.64313pt x 362.85562pt>
File: ./assets/e21.JPG Graphic file (type jpg)
<use ./assets/e21.JPG>
Package pdftex.def Info: ./assets/e21.JPG  used on input line 752.
(pdftex.def)             Requested size: 364.19667pt x 230.37753pt.
 [28 <./assets/e18.JPG> <./assets/e19.JPG> <./assets/e19e20.JPG>]
<./assets/e22.JPG, id=141, 809.27344pt x 316.93407pt>
File: ./assets/e22.JPG Graphic file (type jpg)
<use ./assets/e22.JPG>
Package pdftex.def Info: ./assets/e22.JPG  used on input line 757.
(pdftex.def)             Requested size: 364.19667pt x 142.62868pt.
<./assets/e23.JPG, id=142, 618.81187pt x 56.46094pt>
File: ./assets/e23.JPG Graphic file (type jpg)
<use ./assets/e23.JPG>
Package pdftex.def Info: ./assets/e23.JPG  used on input line 762.
(pdftex.def)             Requested size: 455.24411pt x 41.53833pt.
<./assets/e24.JPG, id=143, 1129.97156pt x 543.53062pt>
File: ./assets/e24.JPG Graphic file (type jpg)
<use ./assets/e24.JPG>
Package pdftex.def Info: ./assets/e24.JPG  used on input line 768.
(pdftex.def)             Requested size: 455.24411pt x 218.97588pt.
 [29 <./assets/e21.JPG> <./assets/e22.JPG> <./assets/e23.JPG>]
Overfull \hbox (57.15576pt too wide) in paragraph at lines 801--801
[] \T1/cmtt/m/n/12 c_udnClientId : UDINT := 16#ED387206;   // The given client 
id of the standard PLC[] 
 []


Overfull \hbox (26.2883pt too wide) in paragraph at lines 801--801
[] \T1/cmtt/m/n/12 fbStartBA(xExecute := (fbSafeApp.xBootAppConfirmationRequest
ed AND xStartBA),[] 
 []


Overfull \hbox (131.23767pt too wide) in paragraph at lines 801--801
[] \T1/cmtt/m/n/12 // For automatic test execution FB with the restart of the b
ootapplication is also implemented[] 
 []

[30 <./assets/e24.JPG>]
<./assets/e25.JPG, id=150, 1245.9047pt x 495.35063pt>
File: ./assets/e25.JPG Graphic file (type jpg)
<use ./assets/e25.JPG>
Package pdftex.def Info: ./assets/e25.JPG  used on input line 807.
(pdftex.def)             Requested size: 455.24411pt x 180.99422pt.
<./assets/e26.JPG, id=151, 875.52094pt x 581.92406pt>
File: ./assets/e26.JPG Graphic file (type jpg)
<use ./assets/e26.JPG>
Package pdftex.def Info: ./assets/e26.JPG  used on input line 812.
(pdftex.def)             Requested size: 455.24411pt x 302.58449pt.
 [31 <./assets/e25.JPG> <./assets/e26.JPG>]
<./assets/16.JPG, id=156, 666.23906pt x 484.81125pt>
File: ./assets/16.JPG Graphic file (type jpg)
<use ./assets/16.JPG>
Package pdftex.def Info: ./assets/16.JPG  used on input line 830.
(pdftex.def)             Requested size: 455.24411pt x 331.27997pt.
<./assets/17.JPG, id=157, 498.36188pt x 539.76656pt>
File: ./assets/17.JPG Graphic file (type jpg)
<use ./assets/17.JPG>
Package pdftex.def Info: ./assets/17.JPG  used on input line 846.
(pdftex.def)             Requested size: 227.62206pt x 246.5331pt.
 [32 <./assets/16.JPG>]
Overfull \hbox (15.46925pt too wide) in paragraph at lines 859--860
[]\T1/Roboto-LF/light/n/12 Navigate to \T1/cmtt/m/n/12 <Safety-Device> \TS1/cmt
t/m/n/12 ^^Y \T1/cmtt/m/n/12 Safety Logic \TS1/cmtt/m/n/12 ^^Y \T1/cmtt/m/n/12 
SafetyApp \TS1/cmtt/m/n/12 ^^Y \T1/cmtt/m/n/12 Logical I/Os\T1/Roboto-LF/light/
n/12 . 
 []

<./assets/18.JPG, id=161, 482.55281pt x 356.83313pt>
File: ./assets/18.JPG Graphic file (type jpg)
<use ./assets/18.JPG>
Package pdftex.def Info: ./assets/18.JPG  used on input line 865.
(pdftex.def)             Requested size: 273.14923pt x 201.99222pt.
Package textcomp Info: Symbol \textrightarrow not provided by
(textcomp)             font family Roboto-LF in TS1 encoding.
(textcomp)             Default family used instead on input line 871.
LaTeX Font Info:    Trying to load font information for T1+cmss on input line 8
71.
(C:\Users\leopo\AppData\Local\Programs\MiKTeX\tex/latex/base\t1cmss.fd
File: t1cmss.fd 2023/04/13 v2.5m Standard LaTeX font definitions
)

LaTeX Font Warning: Font shape `T1/cmss/b/n' undefined
(Font)              using `T1/cmss/m/n' instead on input line 871.

LaTeX Font Info:    Trying to load font information for TS1+cmss on input line 
871.
(C:\Users\leopo\AppData\Local\Programs\MiKTeX\tex/latex/base\ts1cmss.fd
File: ts1cmss.fd 2023/04/13 v2.5m Standard LaTeX font definitions
)

LaTeX Font Warning: Font shape `TS1/cmss/b/n' undefined
(Font)              using `TS1/cmss/m/n' instead
(Font)              for symbol `textrightarrow' on input line 871.

[33 <./assets/17.JPG> <./assets/18.JPG>]
<./assets/19.JPG, id=165, 504.38437pt x 365.11406pt>
File: ./assets/19.JPG Graphic file (type jpg)
<use ./assets/19.JPG>
Package pdftex.def Info: ./assets/19.JPG  used on input line 876.
(pdftex.def)             Requested size: 318.66948pt x 230.68047pt.
<./assets/21.JPG, id=166, 566.115pt x 267.24844pt>
File: ./assets/21.JPG Graphic file (type jpg)
<use ./assets/21.JPG>
Package pdftex.def Info: ./assets/21.JPG  used on input line 893.
(pdftex.def)             Requested size: 364.19667pt x 171.93147pt.
<./assets/22.JPG, id=167, 1105.12875pt x 395.22656pt>
File: ./assets/22.JPG Graphic file (type jpg)
<use ./assets/22.JPG>
Package pdftex.def Info: ./assets/22.JPG  used on input line 898.
(pdftex.def)             Requested size: 455.24411pt x 162.80379pt.
 [34 <./assets/19.JPG> <./assets/21.JPG>]
<./assets/23.JPG, id=172, 982.42032pt x 442.65375pt>
File: ./assets/23.JPG Graphic file (type jpg)
<use ./assets/23.JPG>
Package pdftex.def Info: ./assets/23.JPG  used on input line 910.
(pdftex.def)             Requested size: 455.24411pt x 205.12265pt.
 [35 <./assets/22.JPG> <./assets/23.JPG>]
<./assets/24.JPG, id=176, 1138.2525pt x 408.77719pt>
File: ./assets/24.JPG Graphic file (type jpg)
<use ./assets/24.JPG>
Package pdftex.def Info: ./assets/24.JPG  used on input line 929.
(pdftex.def)             Requested size: 455.24411pt x 163.48926pt.
 [36 <./assets/24.JPG>]
Overfull \hbox (53.59476pt too wide) in paragraph at lines 976--977
\T1/Roboto-LF/light/n/12 See on-line help: $\T1/cmtt/m/n/12 https : / / content
 . helpme -[] codesys . com / en / CODESYS \ %20Safety \ %20Extension /
 []

[37]
Overfull \hbox (10.49103pt too wide) in paragraph at lines 989--990
[]\T1/Roboto-LF/bold/n/12 V2.4\T1/Roboto-LF/light/n/12 : Di-ag-no-sis word is o
ver-writ-ten by higher-priority di-ag-no-sis, pri-or-ity from \T1/cmtt/m/n/12 1
6#C0xx
 []

[38]
<./assets/25.JPG, id=187, 1167.61218pt x 453.19313pt>
File: ./assets/25.JPG Graphic file (type jpg)
<use ./assets/25.JPG>
Package pdftex.def Info: ./assets/25.JPG  used on input line 1027.
(pdftex.def)             Requested size: 455.24411pt x 176.6962pt.
<./assets/26.JPG, id=188, 843.90282pt x 464.4853pt>
File: ./assets/26.JPG Graphic file (type jpg)
<use ./assets/26.JPG>
Package pdftex.def Info: ./assets/26.JPG  used on input line 1035.
(pdftex.def)             Requested size: 455.24411pt x 250.57027pt.
 [39 <./assets/25.JPG> <./assets/26.JPG>]
Overfull \hbox (81.51727pt too wide) in paragraph at lines 1044--1045
[]\T1/Roboto-LF/light/n/12 To start the Boot Ap-pli-ca-tion, the cur-rent value
 of the FB out-put \T1/cmtt/m/n/12 SafeApplication.BootAppConfirmation
 []

<./assets/27.JPG, id=192, 657.2053pt x 388.45125pt>
File: ./assets/27.JPG Graphic file (type jpg)
<use ./assets/27.JPG>
Package pdftex.def Info: ./assets/27.JPG  used on input line 1052.
(pdftex.def)             Requested size: 364.19667pt x 215.26698pt.
[40 <./assets/27.JPG>] [41]
<./assets/c1.JPG, id=199, 459.96844pt x 353.82187pt>
File: ./assets/c1.JPG Graphic file (type jpg)
<use ./assets/c1.JPG>
Package pdftex.def Info: ./assets/c1.JPG  used on input line 1121.
(pdftex.def)             Requested size: 364.19667pt x 280.16408pt.
<./assets/c2.JPG, id=200, 379.4175pt x 289.83281pt>
File: ./assets/c2.JPG Graphic file (type jpg)
<use ./assets/c2.JPG>
Package pdftex.def Info: ./assets/c2.JPG  used on input line 1130.
(pdftex.def)             Requested size: 364.19667pt x 278.2098pt.
 [42 <./assets/c1.JPG>]
<./assets/c3.PNG, id=204, 1238.05392pt x 773.89125pt>
File: ./assets/c3.PNG Graphic file (type png)
<use ./assets/c3.PNG>
Package pdftex.def Info: ./assets/c3.PNG  used on input line 1141.
(pdftex.def)             Requested size: 455.24411pt x 284.56398pt.
 [43 <./assets/c2.JPG>]
<./assets/c4.jpg, id=209, 377.15906pt x 524.71031pt>
File: ./assets/c4.jpg Graphic file (type jpg)
<use ./assets/c4.jpg>
Package pdftex.def Info: ./assets/c4.jpg  used on input line 1150.
(pdftex.def)             Requested size: 182.09486pt x 253.33125pt.
<./assets/c5.jpg, id=210, 383.18156pt x 529.22719pt>
File: ./assets/c5.jpg Graphic file (type jpg)
<use ./assets/c5.jpg>
Package pdftex.def Info: ./assets/c5.jpg  used on input line 1157.
(pdftex.def)             Requested size: 182.09486pt x 251.49858pt.

[44 <./assets/c3.PNG> <./assets/c4.jpg>]
<./assets/c6.jpg, id=215, 566.115pt x 319.1925pt>
File: ./assets/c6.jpg Graphic file (type jpg)
<use ./assets/c6.jpg>
Package pdftex.def Info: ./assets/c6.jpg  used on input line 1168.
(pdftex.def)             Requested size: 182.09486pt x 102.6697pt.
LaTeX Font Info:    Font shape `T1/Roboto-LF/l/n' aliased to
(Font)              `T1/Roboto-LF/light/n' on input line 1172.
LaTeX Font Info:    Font shape `T1/Roboto-LF/light/n' will be
(Font)              scaled to size 24.88pt on input line 1172.
<./assets/c7.jpg, id=216, 569.12625pt x 320.69812pt>
File: ./assets/c7.jpg Graphic file (type jpg)
<use ./assets/c7.jpg>
Package pdftex.def Info: ./assets/c7.jpg  used on input line 1176.
(pdftex.def)             Requested size: 182.09486pt x 102.61081pt.
 [45 <./assets/c5.jpg> <./assets/c6.jpg> <./assets/c7.jpg>] (Projekt.aux)
 ***********
LaTeX2e <2023-11-01> patch level 1
L3 programming layer <2024-01-04>
 ***********


LaTeX Font Warning: Some font shapes were not available, defaults substituted.

 ) 
Here is how much of TeX's memory you used:
 11403 strings out of 474485
 187544 string characters out of 5743735
 1980542 words of memory out of 5000000
 33517 multiletter control sequences out of 15000+600000
 629813 words of font info for 112 fonts, out of 8000000 for 9000
 1141 hyphenation exceptions out of 8191
 69i,8n,117p,1198b,1298s stack positions out of 10000i,1000n,20000p,200000b,200000s
 <C:\Users\leopo\AppData\Local\MiKTeX\fonts/pk/ljfour/jknappen/ec/dpi600\tcss
1200.pk> <C:\Users\leopo\AppData\Local\MiKTeX\fonts/pk/ljfour/jknappen/ec/dpi60
0\tctt1200.pk> <C:\Users\leopo\AppData\Local\MiKTeX\fonts/pk/ljfour/jknappen/ec
/dpi600\ecit1200.pk> <C:\Users\leopo\AppData\Local\MiKTeX\fonts/pk/ljfour/jknap
pen/ec/dpi600\ectt1095.pk> <C:\Users\leopo\AppData\Local\MiKTeX\fonts/pk/ljfour
/jknappen/ec/dpi600\ectt1200.pk><C:/Users/leopo/AppData/Local/Programs/MiKTeX/f
onts/type1/google/roboto/Roboto-Bold.pfb><C:/Users/leopo/AppData/Local/Programs
/MiKTeX/fonts/type1/google/roboto/Roboto-Light.pfb><C:/Users/leopo/AppData/Loca
l/Programs/MiKTeX/fonts/type1/google/roboto/Roboto-LightItalic.pfb><C:/Users/le
opo/AppData/Local/Programs/MiKTeX/fonts/type1/public/amsfonts/cm/cmsy10.pfb>
Output written on Projekt.pdf (45 pages, 5485213 bytes).
PDF statistics:
 422 PDF objects out of 1000 (max. 8388607)
 0 named destinations out of 1000 (max. 500000)
 291 words of extra memory for PDF output out of 10000 (max. 10000000)

